app/build/outputs/logs/manifest-merger-debug-report.txt
-- Merging decision tree log ---
manifest
ADDED from AndroidManifest.xml:2:1
	xmlns:android
		ADDED from AndroidManifest.xml:2:11
	package
		ADDED from AndroidManifest.xml:3:5
		INJECTED from AndroidManifest.xml:0:0
		INJECTED from AndroidManifest.xml:0:0
	android:versionName
		INJECTED from AndroidManifest.xml:0:0
		INJECTED from AndroidManifest.xml:0:0
	android:versionCode
		INJECTED from AndroidManifest.xml:0:0
		INJECTED from AndroidManifest.xml:0:0
uses-permission#android.permission.ACCESS_WIFI_STATE
ADDED from AndroidManifest.xml:5:5
	android:name
		ADDED from AndroidManifest.xml:5:22
uses-permission#android.permission.CHANGE_WIFI_STATE
ADDED from AndroidManifest.xml:6:5
	android:name
		ADDED from AndroidManifest.xml:6:22
uses-permission#android.permission.ACCESS_FINE_LOCATION
ADDED from AndroidManifest.xml:7:5
	android:name
		ADDED from AndroidManifest.xml:7:22
uses-permission#android.permission.INTERNET
ADDED from AndroidManifest.xml:8:5
	android:name
		ADDED from AndroidManifest.xml:8:22
application
ADDED from AndroidManifest.xml:10:5
MERGED from com.android.support:appcompat-v7:22.2.0:22:5
MERGED from com.android.support:support-v4:22.2.0:22:5
	android:label
		ADDED from AndroidManifest.xml:13:9
	android:allowBackup
		ADDED from AndroidManifest.xml:11:9
	android:icon
		ADDED from AndroidManifest.xml:12:9
activity#com.abdroid.wps2.MainActivity
ADDED from AndroidManifest.xml:14:9
	android:label
		ADDED from AndroidManifest.xml:16:13
	android:name
		ADDED from AndroidManifest.xml:15:13
intent-filter#android.intent.action.MAIN+android.intent.category.DEFAULT
ADDED from AndroidManifest.xml:17:13
action#android.intent.action.MAIN
ADDED from AndroidManifest.xml:18:17
	android:name
		ADDED from AndroidManifest.xml:18:25
category#android.intent.category.DEFAULT
ADDED from AndroidManifest.xml:20:17
	android:name
		ADDED from AndroidManifest.xml:20:27
activity#com.abdroid.wps2.Add
ADDED from AndroidManifest.xml:23:9
	android:label
		ADDED from AndroidManifest.xml:25:13
	android:name
		ADDED from AndroidManifest.xml:24:13
intent-filter#add+android.intent.category.DEFAULT
ADDED from AndroidManifest.xml:26:13
action#add
ADDED from AndroidManifest.xml:27:17
	android:name
		ADDED from AndroidManifest.xml:27:25
activity#com.abdroid.wps2.Splash
ADDED from AndroidManifest.xml:32:9
	android:label
		ADDED from AndroidManifest.xml:34:13
	android:name
		ADDED from AndroidManifest.xml:33:13
intent-filter#android.intent.action.MAIN+android.intent.category.LAUNCHER
ADDED from AndroidManifest.xml:35:13
category#android.intent.category.LAUNCHER
ADDED from AndroidManifest.xml:38:17
	android:name
		ADDED from AndroidManifest.xml:38:27
uses-sdk
INJECTED from AndroidManifest.xml:0:0 reason: use-sdk injection requested
MERGED from com.android.support:appcompat-v7:22.2.0:20:5
MERGED from com.android.support:support-v4:22.2.0:20:5
	android:targetSdkVersion
		INJECTED from AndroidManifest.xml:0:0
		INJECTED from AndroidManifest.xml:0:0
	android:minSdkVersion
		INJECTED from AndroidManifest.xml:0:0
		INJECTED from AndroidManifest.xml:0:0